<?xml version="1.0" encoding="UTF-8"?>
<testsuites name="Meter properties" time="36.445" tests="1" failures="0" skips="0" errors="0">
   <testsuite name="Meter properties" tests="1" failures="0" errors="0" time="36.445" skips="0" timestamp="2021-04-29 19:23:08" hostname="wamiwamisoftware - localhost" id="Test Suites/Meter properties">
      <properties>
         <property name="deviceName" value=""/>
         <property name="devicePlatform" value=""/>
         <property name="logFolder" value="/Users/wamiwamisoftware/Katalon Studio/fsight/Reports/20210429_192300/Meter properties/20210429_192300"/>
         <property name="logFiles" value="/Users/wamiwamisoftware/Katalon Studio/fsight/Reports/20210429_192300/Meter properties/20210429_192300/execution0.log"/>
         <property name="attachments" value="keyes/keyes-Modal Capacity:Validation for symbols.png, keyes/keyes-Modal Capacity:Validation for '-'.png, keyes/keyes-Value 20 was added.png"/>
         <property name="hostName" value="wamiwamisoftware - localhost"/>
         <property name="os" value="Mac OS X 64bit"/>
         <property name="katalonVersion" value="7.9.1.208"/>
         <property name="browser" value="Chrome 90.0.4430.93"/>
         <property name="hostAddress" value="127.0.0.1"/>
         <property name="sessionId" value="94edaf6945bb417fde097c1ac29137c1"/>
         <property name="seleniumVersion" value="3.141.59"/>
         <property name="proxyInformation" value="ProxyInformation { proxyOption=NO_PROXY, proxyServerType=HTTP, username=, password=********, proxyServerAddress=, proxyServerPort=0, executionList=&quot;&quot;, isApplyToDesiredCapabilities=true }"/>
         <property name="platform" value="Mac OS X"/>
      </properties>
      <testcase name="Test Cases/Batch Export Mode/Meter properties" time="34.951" classname="Test Cases/Batch Export Mode/Meter properties" status="PASSED">
         <system-out><![CDATA[2021-04-29 19:23:09 - [TEST_CASE][PASSED] - Test Cases/Batch Export Mode/Meter properties: Test Cases/Batch Export Mode/Meter properties

2021-04-29 19:23:10 - [TEST_STEP][PASSED] - openBrowser(""): Browser is opened with url: ''

2021-04-29 19:23:10 - [MESSAGE][INFO] - Starting 'Chrome' driver

2021-04-29 19:23:10 - [MESSAGE][INFO] - Action delay is set to 0 milliseconds

2021-04-29 19:23:13 - [MESSAGE][PASSED] - Browser is opened with url: ''

2021-04-29 19:23:13 - [TEST_STEP][PASSED] - navigateToUrl(baseUrl): Navigate to 'https://andrey-wami.fsight.io/' successfully

2021-04-29 19:23:22 - [MESSAGE][PASSED] - Navigate to 'https://andrey-wami.fsight.io/' successfully

2021-04-29 19:23:22 - [TEST_STEP][PASSED] - setText(findTestObject("Object Repository/Page_Log in to Keycloak/input_Username or email_username"), fsight_login): Text 'fsightadmin' is set on object 'Object Repository/Page_Log in to Keycloak/input_Username or email_username'

2021-04-29 19:23:23 - [MESSAGE][PASSED] - Text 'fsightadmin' is set on object 'Object Repository/Page_Log in to Keycloak/input_Username or email_username'

2021-04-29 19:23:23 - [TEST_STEP][PASSED] - setEncryptedText(findTestObject("Object Repository/Page_Log in to Keycloak/input_Password_password"), "n/iH/HO9iVbUUZghK8+ZWg=="): Text ****** has been set on object 'Object Repository/Page_Log in to Keycloak/input_Password_password'

2021-04-29 19:23:24 - [MESSAGE][PASSED] - Text ****** has been set on object 'Object Repository/Page_Log in to Keycloak/input_Password_password'

2021-04-29 19:23:24 - [TEST_STEP][PASSED] - click(findTestObject("Object Repository/Page_Log in to Keycloak/input_Password_login")): Object: 'Object Repository/Page_Log in to Keycloak/input_Password_login' is clicked on

2021-04-29 19:23:25 - [MESSAGE][PASSED] - Object: 'Object Repository/Page_Log in to Keycloak/input_Password_login' is clicked on

2021-04-29 19:23:25 - [TEST_STEP][PASSED] - delay(3): Delayed 3 second(s)

2021-04-29 19:23:28 - [MESSAGE][PASSED] - Delayed 3 second(s)

2021-04-29 19:23:28 - [TEST_STEP][PASSED] - verifyElementNotPresent(findTestObject("Predict_Page/Meter_Properties_block"), 1): Web element with id: 'Object Repository/Predict_Page/Meter_Properties_block' located by 'By.xpath: //*[@class='meter-properties']' is not present after '1' second(s)

2021-04-29 19:23:29 - [MESSAGE][PASSED] - Web element with id: 'Object Repository/Predict_Page/Meter_Properties_block' located by 'By.xpath: //*[@class='meter-properties']' is not present after '1' second(s)

2021-04-29 19:23:29 - [TEST_STEP][PASSED] - click(findTestObject("Predict_Page/filter_Meter")): Object: 'Object Repository/Predict_Page/filter_Meter' is clicked on

2021-04-29 19:23:30 - [MESSAGE][PASSED] - Object: 'Object Repository/Predict_Page/filter_Meter' is clicked on

2021-04-29 19:23:30 - [TEST_STEP][PASSED] - click(findTestObject("Predict_Page/choose_meter_1071")): Object: 'Object Repository/Predict_Page/choose_meter_1071' is clicked on

2021-04-29 19:23:30 - [MESSAGE][PASSED] - Object: 'Object Repository/Predict_Page/choose_meter_1071' is clicked on

2021-04-29 19:23:30 - [TEST_STEP][PASSED] - click(findTestObject("Predict_Page/filter_Meter")): Object: 'Object Repository/Predict_Page/filter_Meter' is clicked on

2021-04-29 19:23:31 - [MESSAGE][PASSED] - Object: 'Object Repository/Predict_Page/filter_Meter' is clicked on

2021-04-29 19:23:31 - [TEST_STEP][PASSED] - verifyElementVisible(findTestObject("Predict_Page/Meter_Properties_block"), STOP_ON_FAILURE): Object 'Object Repository/Predict_Page/Meter_Properties_block' is visible

2021-04-29 19:23:32 - [MESSAGE][PASSED] - Object 'Object Repository/Predict_Page/Meter_Properties_block' is visible

2021-04-29 19:23:32 - [TEST_STEP][PASSED] - click(findTestObject("Predict_Page/edit_Meter_Properties")): Object: 'Object Repository/Predict_Page/edit_Meter_Properties' is clicked on

2021-04-29 19:23:32 - [MESSAGE][PASSED] - Object: 'Object Repository/Predict_Page/edit_Meter_Properties' is clicked on

2021-04-29 19:23:32 - [TEST_STEP][PASSED] - click(findTestObject("Predict_Page/button_Close_meterPV_capacity")): Object: 'Object Repository/Predict_Page/button_Close_meterPV_capacity' is clicked on

2021-04-29 19:23:33 - [MESSAGE][PASSED] - Object: 'Object Repository/Predict_Page/button_Close_meterPV_capacity' is clicked on

2021-04-29 19:23:33 - [TEST_STEP][PASSED] - click(findTestObject("Predict_Page/edit_Meter_Properties")): Object: 'Object Repository/Predict_Page/edit_Meter_Properties' is clicked on

2021-04-29 19:23:34 - [MESSAGE][PASSED] - Object: 'Object Repository/Predict_Page/edit_Meter_Properties' is clicked on

2021-04-29 19:23:34 - [TEST_STEP][PASSED] - sendKeys(findTestObject("Predict_Page/input_meterPV_capacity"), Keys.chord(COMMAND, "a")): Keys 'COMMAND + a' sent to object: 'Object Repository/Predict_Page/input_meterPV_capacity'

2021-04-29 19:23:34 - [MESSAGE][PASSED] - Keys 'COMMAND + a' sent to object: 'Object Repository/Predict_Page/input_meterPV_capacity'

2021-04-29 19:23:34 - [TEST_STEP][PASSED] - sendKeys(findTestObject("Predict_Page/input_meterPV_capacity"), Keys.chord(BACK_SPACE)): Keys 'BACK_SPACE + ' sent to object: 'Object Repository/Predict_Page/input_meterPV_capacity'

2021-04-29 19:23:35 - [MESSAGE][PASSED] - Keys 'BACK_SPACE + ' sent to object: 'Object Repository/Predict_Page/input_meterPV_capacity'

2021-04-29 19:23:35 - [TEST_STEP][PASSED] - setText(findTestObject("Predict_Page/input_meterPV_capacity"), "test"): Text 'test' is set on object 'Object Repository/Predict_Page/input_meterPV_capacity'

2021-04-29 19:23:35 - [MESSAGE][PASSED] - Text 'test' is set on object 'Object Repository/Predict_Page/input_meterPV_capacity'

2021-04-29 19:23:35 - [TEST_STEP][PASSED] - verifyElementNotClickable(findTestObject("Predict_Page/button_Save_meterPV_capacity")): Object 'Object Repository/Predict_Page/button_Save_meterPV_capacity' is NOT clickable

2021-04-29 19:23:36 - [MESSAGE][PASSED] - Object 'Object Repository/Predict_Page/button_Save_meterPV_capacity' is NOT clickable

2021-04-29 19:23:36 - [TEST_STEP][PASSED] - takeFullPageScreenshotAsCheckpoint("Modal Capacity:Validation for symbols", CONTINUE_ON_FAILURE): Taking screenshot successfully

2021-04-29 19:23:37 - [MESSAGE][INFO] - 0 hidden object(s)

2021-04-29 19:23:38 - [MESSAGE][PASSED] - Taking screenshot successfully
[[ATTACHMENT|keyes/keyes-Modal Capacity:Validation for symbols.png]]

2021-04-29 19:23:38 - [TEST_STEP][PASSED] - sendKeys(findTestObject("Predict_Page/input_meterPV_capacity"), Keys.chord(COMMAND, "a")): Keys 'COMMAND + a' sent to object: 'Object Repository/Predict_Page/input_meterPV_capacity'

2021-04-29 19:23:38 - [MESSAGE][PASSED] - Keys 'COMMAND + a' sent to object: 'Object Repository/Predict_Page/input_meterPV_capacity'

2021-04-29 19:23:38 - [TEST_STEP][PASSED] - sendKeys(findTestObject("Predict_Page/input_meterPV_capacity"), Keys.chord(BACK_SPACE)): Keys 'BACK_SPACE + ' sent to object: 'Object Repository/Predict_Page/input_meterPV_capacity'

2021-04-29 19:23:38 - [MESSAGE][PASSED] - Keys 'BACK_SPACE + ' sent to object: 'Object Repository/Predict_Page/input_meterPV_capacity'

2021-04-29 19:23:38 - [TEST_STEP][PASSED] - setText(findTestObject("Predict_Page/input_meterPV_capacity"), "-"): Text '-' is set on object 'Object Repository/Predict_Page/input_meterPV_capacity'

2021-04-29 19:23:39 - [MESSAGE][PASSED] - Text '-' is set on object 'Object Repository/Predict_Page/input_meterPV_capacity'

2021-04-29 19:23:39 - [TEST_STEP][PASSED] - verifyElementNotClickable(findTestObject("Predict_Page/button_Save_meterPV_capacity")): Object 'Object Repository/Predict_Page/button_Save_meterPV_capacity' is NOT clickable

2021-04-29 19:23:40 - [MESSAGE][PASSED] - Object 'Object Repository/Predict_Page/button_Save_meterPV_capacity' is NOT clickable

2021-04-29 19:23:40 - [TEST_STEP][PASSED] - takeFullPageScreenshotAsCheckpoint("Modal Capacity:Validation for '-'", CONTINUE_ON_FAILURE): Taking screenshot successfully

2021-04-29 19:23:40 - [MESSAGE][INFO] - 0 hidden object(s)

2021-04-29 19:23:40 - [MESSAGE][PASSED] - Taking screenshot successfully
[[ATTACHMENT|keyes/keyes-Modal Capacity:Validation for '-'.png]]

2021-04-29 19:23:41 - [TEST_STEP][PASSED] - sendKeys(findTestObject("Predict_Page/input_meterPV_capacity"), Keys.chord(COMMAND, "a")): Keys 'COMMAND + a' sent to object: 'Object Repository/Predict_Page/input_meterPV_capacity'

2021-04-29 19:23:41 - [MESSAGE][PASSED] - Keys 'COMMAND + a' sent to object: 'Object Repository/Predict_Page/input_meterPV_capacity'

2021-04-29 19:23:41 - [TEST_STEP][PASSED] - sendKeys(findTestObject("Predict_Page/input_meterPV_capacity"), Keys.chord(BACK_SPACE)): Keys 'BACK_SPACE + ' sent to object: 'Object Repository/Predict_Page/input_meterPV_capacity'

2021-04-29 19:23:41 - [MESSAGE][PASSED] - Keys 'BACK_SPACE + ' sent to object: 'Object Repository/Predict_Page/input_meterPV_capacity'

2021-04-29 19:23:41 - [TEST_STEP][PASSED] - setText(findTestObject("Predict_Page/input_meterPV_capacity"), "20"): Text '20' is set on object 'Object Repository/Predict_Page/input_meterPV_capacity'

2021-04-29 19:23:42 - [MESSAGE][PASSED] - Text '20' is set on object 'Object Repository/Predict_Page/input_meterPV_capacity'

2021-04-29 19:23:42 - [TEST_STEP][PASSED] - click(findTestObject("Predict_Page/button_Save_meterPV_capacity")): Object: 'Object Repository/Predict_Page/button_Save_meterPV_capacity' is clicked on

2021-04-29 19:23:43 - [MESSAGE][PASSED] - Object: 'Object Repository/Predict_Page/button_Save_meterPV_capacity' is clicked on

2021-04-29 19:23:43 - [TEST_STEP][PASSED] - takeFullPageScreenshotAsCheckpoint("Value 20 was added"): Taking screenshot successfully

2021-04-29 19:23:44 - [MESSAGE][INFO] - 0 hidden object(s)

2021-04-29 19:23:44 - [MESSAGE][PASSED] - Taking screenshot successfully
[[ATTACHMENT|keyes/keyes-Value 20 was added.png]]]]></system-out>
         <system-err><![CDATA[]]></system-err>
      </testcase>
      <system-out><![CDATA[2021-04-29 19:23:08 - [TEST_SUITE][PASSED] - Meter properties: Test Cases/Batch Export Mode/Meter properties]]></system-out>
      <system-err><![CDATA[]]></system-err>
   </testsuite>
</testsuites>
